<?xml version="1.0" encoding="UTF-8"?>
<!-- Generated by org.testng.reporters.JUnitXMLReporter -->
<testsuite ignored="0" hostname="DESKTOP-JV12SCD" failures="0" tests="6" name="chrome Browser Test" time="10.693" errors="0" timestamp="2022-05-11T16:29:07 IST">
  <testcase classname="Assertion_Practice.Cross_Browser_Testing" name="allBrowser" time="9.183"/>
  <testcase classname="Assertion_Practice.Cross_Browser_Testing" name="VerifyCurrentUrl" time="0.055"/>
  <testcase classname="Assertion_Practice.Cross_Browser_Testing" name="VerifyPageTitle" time="0.026"/>
  <testcase classname="Assertion_Practice.Cross_Browser_Testing" name="VerifyUsernameField" time="0.277"/>
  <testcase classname="Assertion_Practice.Cross_Browser_Testing" name="VerifyPasswordField" time="0.256"/>
  <testcase classname="Assertion_Practice.Cross_Browser_Testing" name="VerifyLogInButton" time="0.754"/>
</testsuite> <!-- chrome Browser Test -->
