<?xml version="1.0" encoding="UTF-8"?>
<!-- Generated by org.testng.reporters.JUnitXMLReporter -->
<testsuite ignored="0" hostname="DESKTOP-JV12SCD" failures="0" tests="3" name="page vaidation" time="0.183" errors="0" timestamp="2022-05-04T17:32:17 IST">
  <testcase classname="TestNG.ClassAnnotation" name="HomePage" time="0.021"/>
  <testcase classname="TestNG.ClassAnnotation" name="Message" time="0.004"/>
  <testcase classname="TestNG.ClassAnnotation" name="Notification" time="0.005"/>
</testsuite> <!-- page vaidation -->
