<?xml version="1.0" encoding="UTF-8"?>
<!-- Generated by org.testng.reporters.JUnitXMLReporter -->
<testsuite ignored="6" hostname="DESKTOP-JV12SCD" failures="0" tests="3" name="Smoke_test" time="0.256" errors="0" timestamp="2022-05-07T17:53:28 IST">
  <testcase classname="Grouping_practice.Test1" name="Testing3" time="0.03"/>
  <testcase classname="Grouping_practice.Test2" name="Testing6" time="0.006"/>
  <testcase classname="Grouping_practice.Test3" name="Testing9" time="0.008"/>
  <testcase classname="Grouping_practice.Test2" name="Testing4" time="0.0">
    <ignored/>
  </testcase> <!-- Testing4 -->
  <testcase classname="Grouping_practice.Test3" name="Testing7" time="0.0">
    <ignored/>
  </testcase> <!-- Testing7 -->
  <testcase classname="Grouping_practice.Test1" name="Testing1" time="0.0">
    <ignored/>
  </testcase> <!-- Testing1 -->
  <testcase classname="Grouping_practice.Test1" name="Testing2" time="0.0">
    <ignored/>
  </testcase> <!-- Testing2 -->
  <testcase classname="Grouping_practice.Test2" name="Testing5" time="0.0">
    <ignored/>
  </testcase> <!-- Testing5 -->
  <testcase classname="Grouping_practice.Test3" name="Testing8" time="0.0">
    <ignored/>
  </testcase> <!-- Testing8 -->
</testsuite> <!-- Smoke_test -->
