<?xml version="1.0" encoding="UTF-8"?>
<!-- Generated by org.testng.reporters.JUnitXMLReporter -->
<testsuite ignored="0" hostname="DESKTOP-JV12SCD" failures="0" tests="3" name="Login logout" time="0.195" errors="0" timestamp="2022-05-04T17:27:34 IST">
  <testcase classname="TestNG.MethodAnnotation" name="HomePage" time="0.022"/>
  <testcase classname="TestNG.MethodAnnotation" name="Message" time="0.005"/>
  <testcase classname="TestNG.MethodAnnotation" name="Notification" time="0.011"/>
</testsuite> <!-- Login logout -->
