<?xml version="1.0" encoding="UTF-8"?>
<!-- Generated by org.testng.reporters.JUnitXMLReporter -->
<testsuite ignored="0" hostname="DESKTOP-JV12SCD" failures="0" tests="6" name="Chrome Browser Test" time="18.554" errors="0" timestamp="2022-05-11T16:24:44 IST">
  <testcase classname="Assertion_Practice.Cross_Browser_Testing" name="allBrowser" time="16.339"/>
  <testcase classname="Assertion_Practice.Cross_Browser_Testing" name="VerifyCurrentUrl" time="0.052"/>
  <testcase classname="Assertion_Practice.Cross_Browser_Testing" name="VerifyPageTitle" time="0.027"/>
  <testcase classname="Assertion_Practice.Cross_Browser_Testing" name="VerifyUsernameField" time="0.6"/>
  <testcase classname="Assertion_Practice.Cross_Browser_Testing" name="VerifyPasswordField" time="0.476"/>
  <testcase classname="Assertion_Practice.Cross_Browser_Testing" name="VerifyLogInButton" time="0.826"/>
</testsuite> <!-- Chrome Browser Test -->
