<?xml version="1.0" encoding="UTF-8"?>
<!-- Generated by org.testng.reporters.JUnitXMLReporter -->
<testsuite ignored="0" hostname="DESKTOP-JV12SCD" failures="0" tests="3" name="test annotation" time="0.21" errors="0" timestamp="2022-05-04T17:26:37 IST">
  <testcase classname="TestNG.TestNG_Practice" name="login" time="0.024"/>
  <testcase classname="TestNG.TestNG_Practice" name="enterURL" time="0.007"/>
  <testcase classname="TestNG.TestNG_Practice" name="logout" time="0.008"/>
</testsuite> <!-- test annotation -->
