<?xml version="1.0" encoding="UTF-8"?>
<!-- Generated by org.testng.reporters.JUnitXMLReporter -->
<testsuite ignored="0" hostname="DESKTOP-JV12SCD" failures="0" tests="6" name="Both class exicuted" time="0.393" errors="0" timestamp="2022-05-04T20:48:52 IST">
  <testcase classname="TestNG.TC1" name="m1" time="0.04"/>
  <testcase classname="TestNG.TC1" name="m2" time="0.008"/>
  <testcase classname="TestNG.TC1" name="m3" time="0.005"/>
  <testcase classname="TestNG.TC2" name="m4" time="0.017"/>
  <testcase classname="TestNG.TC2" name="m5" time="0.009"/>
  <testcase classname="TestNG.TC2" name="m6" time="0.019"/>
</testsuite> <!-- Both class exicuted -->
