<?xml version="1.0" encoding="UTF-8"?>
<!-- Generated by org.testng.reporters.JUnitXMLReporter -->
<testsuite ignored="3" hostname="DESKTOP-JV12SCD" failures="0" tests="6" name="functional_test" time="0.331" errors="0" timestamp="2022-05-07T17:57:40 IST">
  <testcase classname="Grouping_practice.Test1" name="Testing2" time="0.038"/>
  <testcase classname="Grouping_practice.Test1" name="Testing3" time="0.004"/>
  <testcase classname="Grouping_practice.Test2" name="Testing5" time="0.011"/>
  <testcase classname="Grouping_practice.Test2" name="Testing6" time="0.004"/>
  <testcase classname="Grouping_practice.Test3" name="Testing8" time="0.007"/>
  <testcase classname="Grouping_practice.Test3" name="Testing9" time="0.008"/>
  <testcase classname="Grouping_practice.Test2" name="Testing4" time="0.0">
    <ignored/>
  </testcase> <!-- Testing4 -->
  <testcase classname="Grouping_practice.Test3" name="Testing7" time="0.0">
    <ignored/>
  </testcase> <!-- Testing7 -->
  <testcase classname="Grouping_practice.Test1" name="Testing1" time="0.0">
    <ignored/>
  </testcase> <!-- Testing1 -->
</testsuite> <!-- functional_test -->
