<?xml version="1.0" encoding="UTF-8"?>
<!-- Generated by org.testng.reporters.JUnitXMLReporter -->
<testsuite ignored="0" hostname="DESKTOP-JV12SCD" failures="0" tests="9" name="Default test(failed)(failed)(failed)" time="18.004" errors="0" timestamp="2022-05-12T23:01:32 IST">
  <testcase classname="Assertion_Practice.Cross_Browser_Testing" name="allBrowser" time="10.306"/>
  <testcase classname="Assertion_Practice.Cross_Browser_Testing" name="VerifyCurrentUrl" time="0.053"/>
  <testcase classname="Assertion_Practice.Cross_Browser_Testing" name="VerifyPageTitle" time="0.039"/>
  <testcase classname="Assertion_Practice.Cross_Browser_Testing" name="VerifyUsernameField" time="0.31"/>
  <testcase classname="Assertion_Practice.Cross_Browser_Testing" name="VerifyPasswordField" time="0.268"/>
  <testcase classname="Assertion_Practice.Cross_Browser_Testing" name="VerifyLogo" time="0.092"/>
  <testcase classname="Assertion_Practice.Cross_Browser_Testing" name="VerifyText" time="0.098"/>
  <testcase classname="Assertion_Practice.Cross_Browser_Testing" name="VerifyForgottenLink" time="5.462"/>
  <testcase classname="Assertion_Practice.Cross_Browser_Testing" name="VerifyLogInButton" time="1.174"/>
</testsuite> <!-- Default test(failed)(failed)(failed) -->
