<?xml version="1.0" encoding="UTF-8"?>
<!-- Generated by org.testng.reporters.JUnitXMLReporter -->
<testsuite ignored="6" hostname="DESKTOP-JV12SCD" failures="0" tests="3" name="regression_test" time="0.387" errors="0" timestamp="2022-05-07T18:08:38 IST">
  <testcase classname="Grouping_practice.Test1" name="Testing1" time="0.036"/>
  <testcase classname="Grouping_practice.Test2" name="Testing4" time="0.006"/>
  <testcase classname="Grouping_practice.Test3" name="Testing7" time="0.009"/>
  <testcase classname="Grouping_practice.Test2" name="Testing6" time="0.0">
    <ignored/>
  </testcase> <!-- Testing6 -->
  <testcase classname="Grouping_practice.Test1" name="Testing2" time="0.0">
    <ignored/>
  </testcase> <!-- Testing2 -->
  <testcase classname="Grouping_practice.Test1" name="Testing3" time="0.0">
    <ignored/>
  </testcase> <!-- Testing3 -->
  <testcase classname="Grouping_practice.Test2" name="Testing5" time="0.0">
    <ignored/>
  </testcase> <!-- Testing5 -->
  <testcase classname="Grouping_practice.Test3" name="Testing8" time="0.0">
    <ignored/>
  </testcase> <!-- Testing8 -->
  <testcase classname="Grouping_practice.Test3" name="Testing9" time="0.0">
    <ignored/>
  </testcase> <!-- Testing9 -->
</testsuite> <!-- regression_test -->
