<?xml version="1.0" encoding="UTF-8"?>
<!-- Generated by org.testng.reporters.JUnitXMLReporter -->
<testsuite ignored="0" hostname="DESKTOP-JV12SCD" failures="0" tests="9" name="All_test" time="0.45" errors="0" timestamp="2022-05-07T18:25:21 IST">
  <testcase classname="Grouping_practice.Test1" name="Testing1" time="0.026"/>
  <testcase classname="Grouping_practice.Test1" name="Testing2" time="0.023"/>
  <testcase classname="Grouping_practice.Test1" name="Testing3" time="0.018"/>
  <testcase classname="Grouping_practice.Test2" name="Testing4" time="0.007"/>
  <testcase classname="Grouping_practice.Test2" name="Testing5" time="0.005"/>
  <testcase classname="Grouping_practice.Test2" name="Testing6" time="0.006"/>
  <testcase classname="Grouping_practice.Test3" name="Testing7" time="0.005"/>
  <testcase classname="Grouping_practice.Test3" name="Testing8" time="0.004"/>
  <testcase classname="Grouping_practice.Test3" name="Testing9" time="0.007"/>
</testsuite> <!-- All_test -->
