<?xml version="1.0" encoding="UTF-8"?>
<!-- Generated by org.testng.reporters.JUnitXMLReporter -->
<testsuite ignored="0" hostname="DESKTOP-JV12SCD" failures="0" tests="3" name="page validation" time="0.273" errors="0" timestamp="2022-05-04T17:22:57 IST">
  <testcase classname="TestNG.TestNG_Practice" name="login" time="0.049"/>
  <testcase classname="TestNG.TestNG_Practice" name="enterURL" time="0.007"/>
  <testcase classname="TestNG.TestNG_Practice" name="logout" time="0.009"/>
</testsuite> <!-- page validation -->
