<?xml version="1.0" encoding="UTF-8"?>
<!-- Generated by org.testng.reporters.JUnitXMLReporter -->
<testsuite ignored="0" hostname="DESKTOP-JV12SCD" failures="0" tests="6" name="Brave Browser Test" time="23.119" errors="0" timestamp="2022-05-11T16:33:45 IST">
  <testcase classname="Assertion_Practice.Cross_Browser_Testing" name="allBrowser" time="18.594"/>
  <testcase classname="Assertion_Practice.Cross_Browser_Testing" name="VerifyCurrentUrl" time="0.042"/>
  <testcase classname="Assertion_Practice.Cross_Browser_Testing" name="VerifyPageTitle" time="0.028"/>
  <testcase classname="Assertion_Practice.Cross_Browser_Testing" name="VerifyUsernameField" time="0.952"/>
  <testcase classname="Assertion_Practice.Cross_Browser_Testing" name="VerifyPasswordField" time="0.551"/>
  <testcase classname="Assertion_Practice.Cross_Browser_Testing" name="VerifyLogInButton" time="2.695"/>
</testsuite> <!-- Brave Browser Test -->
