<?xml version="1.0" encoding="UTF-8"?>
<!-- Generated by org.testng.reporters.JUnitXMLReporter -->
<testsuite ignored="0" hostname="DESKTOP-JV12SCD" failures="0" tests="9" name="Chrome Browser Test" time="22.832" errors="0" timestamp="2022-05-12T22:57:50 IST">
  <testcase classname="Assertion_Practice.Cross_Browser_Testing" name="allBrowser" time="14.53"/>
  <testcase classname="Assertion_Practice.Cross_Browser_Testing" name="VerifyCurrentUrl" time="0.059"/>
  <testcase classname="Assertion_Practice.Cross_Browser_Testing" name="VerifyPageTitle" time="0.027"/>
  <testcase classname="Assertion_Practice.Cross_Browser_Testing" name="VerifyUsernameField" time="0.314"/>
  <testcase classname="Assertion_Practice.Cross_Browser_Testing" name="VerifyPasswordField" time="0.275"/>
  <testcase classname="Assertion_Practice.Cross_Browser_Testing" name="VerifyLogo" time="0.08"/>
  <testcase classname="Assertion_Practice.Cross_Browser_Testing" name="VerifyText" time="0.096"/>
  <testcase classname="Assertion_Practice.Cross_Browser_Testing" name="VerifyForgottenLink" time="5.69"/>
  <testcase classname="Assertion_Practice.Cross_Browser_Testing" name="VerifyLogInButton" time="1.622"/>
</testsuite> <!-- Chrome Browser Test -->
