<?xml version="1.0" encoding="UTF-8"?>
<testng-results ignored="0" total="1" passed="1" failed="0" skipped="0">
  <reporter-output>
    <line>
      <![CDATA[verifyFacebookLoginPageFblogo]]>
    </line>
    <line>
      <![CDATA[verifyFacebookLoginPageTagline]]>
    </line>
    <line>
      <![CDATA[verifyFacebookLoginPageForgotPassword]]>
    </line>
    <line>
      <![CDATA[verifyFacebookLoginPageForgotPassword]]>
    </line>
    <line>
      <![CDATA[verifyFacebookLoginPageCreatePage]]>
    </line>
    <line>
      <![CDATA[setFacebookLoginPageUserID]]>
    </line>
    <line>
      <![CDATA[setFacebookLoginPassword]]>
    </line>
    <line>
      <![CDATA[clickFacebookLoginLogInButton]]>
    </line>
  </reporter-output>
  <suite started-at="2022-05-13T16:32:10 IST" name="Default suite" finished-at="2022-05-13T16:32:25 IST" duration-ms="14471">
    <groups>
    </groups>
    <test started-at="2022-05-13T16:32:10 IST" name="Default test" finished-at="2022-05-13T16:32:25 IST" duration-ms="14471">
      <class name="Pom_Pagefactory_LoginPage.LoginTest">
        <test-method is-config="true" signature="Setup()[pri:0, instance:Pom_Pagefactory_LoginPage.LoginTest@24fcf36f]" started-at="2022-05-13T16:32:11 IST" name="Setup" finished-at="2022-05-13T16:32:22 IST" duration-ms="11081" status="PASS">
          <reporter-output>
          </reporter-output>
        </test-method> <!-- Setup -->
        <test-method signature="FacebookLogInPageTest()[pri:0, instance:Pom_Pagefactory_LoginPage.LoginTest@24fcf36f]" started-at="2022-05-13T16:32:22 IST" name="FacebookLogInPageTest" finished-at="2022-05-13T16:32:24 IST" duration-ms="2001" status="PASS">
          <reporter-output>
            <line>
              <![CDATA[verifyFacebookLoginPageFblogo]]>
            </line>
            <line>
              <![CDATA[verifyFacebookLoginPageTagline]]>
            </line>
            <line>
              <![CDATA[verifyFacebookLoginPageForgotPassword]]>
            </line>
            <line>
              <![CDATA[verifyFacebookLoginPageForgotPassword]]>
            </line>
            <line>
              <![CDATA[verifyFacebookLoginPageCreatePage]]>
            </line>
            <line>
              <![CDATA[setFacebookLoginPageUserID]]>
            </line>
            <line>
              <![CDATA[setFacebookLoginPassword]]>
            </line>
            <line>
              <![CDATA[clickFacebookLoginLogInButton]]>
            </line>
          </reporter-output>
        </test-method> <!-- FacebookLogInPageTest -->
        <test-method is-config="true" signature="TearDown()[pri:0, instance:Pom_Pagefactory_LoginPage.LoginTest@24fcf36f]" started-at="2022-05-13T16:32:24 IST" name="TearDown" finished-at="2022-05-13T16:32:25 IST" duration-ms="1224" status="PASS">
          <reporter-output>
          </reporter-output>
        </test-method> <!-- TearDown -->
      </class> <!-- Pom_Pagefactory_LoginPage.LoginTest -->
    </test> <!-- Default test -->
  </suite> <!-- Default suite -->
</testng-results>
